# JRE version: OpenJDK Runtime Environment Temurin-17.0.10+7 (17.0.10+7) (build 17.0.10+7)
# Java VM: OpenJDK 64-Bit Server VM Temurin-17.0.10+7 (17.0.10+7, mixed mode, tiered, compressed oops, compressed class ptrs, parallel gc, windows-amd64)
GC Precious Log:
 CPUs: 8 total, 8 available
 Memory: 16221M
 Large Page Support: Disabled
 NUMA Support: Disabled
 Compressed Oops: Enabled (32-bit)
 Alignments: Space 512K, Generation 512K, Heap 2M
 Heap Min Capacity: 100M
 Heap Initial Capacity: 100M
 Heap Max Capacity: 1G
 Pre-touch: Disabled
 Parallel Workers: 8
Heap:
 PSYoungGen      total 2560K, used 1011K [0x00000000eab00000, 0x00000000eb700000, 0x0000000100000000)
  eden space 1536K, 0% used [0x00000000eab00000,0x00000000eab00000,0x00000000eac80000)
  from space 1024K, 98% used [0x00000000eb080000,0x00000000eb17cda8,0x00000000eb180000)
  to   space 4096K, 0% used [0x00000000eac80000,0x00000000eac80000,0x00000000eb080000)
 ParOldGen       total 222208K, used 220819K [0x00000000c0000000, 0x00000000cd900000, 0x00000000eab00000)
  object space 222208K, 99% used [0x00000000c0000000,0x00000000cd7a4d98,0x00000000cd900000)
 Metaspace       used 96590K, committed 97792K, reserved 1179648K
  class space    used 10290K, committed 10816K, reserved 1048576K
GC Heap History (20 events):
Event: 10833.634 GC heap after
{Heap after GC invocations=2883 (full 48):
 PSYoungGen      total 1024K, used 480K [0x00000000eab00000, 0x00000000eaf00000, 0x0000000100000000)
  eden space 512K, 0% used [0x00000000eab00000,0x00000000eab00000,0x00000000eab80000)
  from space 512K, 93% used [0x00000000eab80000,0x00000000eabf8000,0x00000000eac00000)
  to   space 1536K, 0% used [0x00000000ead80000,0x00000000ead80000,0x00000000eaf00000)
 ParOldGen       total 222208K, used 212256K [0x00000000c0000000, 0x00000000cd900000, 0x00000000eab00000)
  object space 222208K, 95% used [0x00000000c0000000,0x00000000ccf483b8,0x00000000cd900000)
 Metaspace       used 96590K, committed 97792K, reserved 1179648K
  class space    used 10290K, committed 10816K, reserved 1048576K
}
Event: 10833.638 GC heap before
{Heap before GC invocations=2884 (full 48):
 PSYoungGen      total 1024K, used 992K [0x00000000eab00000, 0x00000000eaf00000, 0x0000000100000000)
  eden space 512K, 100% used [0x00000000eab00000,0x00000000eab80000,0x00000000eab80000)
  from space 512K, 93% used [0x00000000eab80000,0x00000000eabf8000,0x00000000eac00000)
  to   space 1536K, 0% used [0x00000000ead80000,0x00000000ead80000,0x00000000eaf00000)
 ParOldGen       total 222208K, used 212256K [0x00000000c0000000, 0x00000000cd900000, 0x00000000eab00000)
  object space 222208K, 95% used [0x00000000c0000000,0x00000000ccf483b8,0x00000000cd900000)
 Metaspace       used 96590K, committed 97792K, reserved 1179648K
  class space    used 10290K, committed 10816K, reserved 1048576K
}
Event: 10833.646 GC heap after
{Heap after GC invocations=2884 (full 48):
 PSYoungGen      total 1536K, used 448K [0x00000000eab00000, 0x00000000eae00000, 0x0000000100000000)
  eden space 1024K, 0% used [0x00000000eab00000,0x00000000eab00000,0x00000000eac00000)
  from space 512K, 87% used [0x00000000ead80000,0x00000000eadf0000,0x00000000eae00000)
  to   space 1024K, 0% used [0x00000000eac00000,0x00000000eac00000,0x00000000ead00000)
 ParOldGen       total 222208K, used 212624K [0x00000000c0000000, 0x00000000cd900000, 0x00000000eab00000)
  object space 222208K, 95% used [0x00000000c0000000,0x00000000ccfa43b8,0x00000000cd900000)
 Metaspace       used 96590K, committed 97792K, reserved 1179648K
  class space    used 10290K, committed 10816K, reserved 1048576K
}
Event: 10833.655 GC heap before
{Heap before GC invocations=2885 (full 48):
 PSYoungGen      total 1536K, used 1472K [0x00000000eab00000, 0x00000000eae00000, 0x0000000100000000)
  eden space 1024K, 100% used [0x00000000eab00000,0x00000000eac00000,0x00000000eac00000)
  from space 512K, 87% used [0x00000000ead80000,0x00000000eadf0000,0x00000000eae00000)
  to   space 1024K, 0% used [0x00000000eac00000,0x00000000eac00000,0x00000000ead00000)
 ParOldGen       total 222208K, used 212624K [0x00000000c0000000, 0x00000000cd900000, 0x00000000eab00000)
  object space 222208K, 95% used [0x00000000c0000000,0x00000000ccfa43b8,0x00000000cd900000)
 Metaspace       used 96590K, committed 97792K, reserved 1179648K
  class space    used 10290K, committed 10816K, reserved 1048576K
}
Event: 10833.663 GC heap after
{Heap after GC invocations=2885 (full 48):
 PSYoungGen      total 2048K, used 916K [0x00000000eab00000, 0x00000000eae80000, 0x0000000100000000)
  eden space 1024K, 0% used [0x00000000eab00000,0x00000000eab00000,0x00000000eac00000)
  from space 1024K, 89% used [0x00000000eac00000,0x00000000eace5200,0x00000000ead00000)
  to   space 1024K, 0% used [0x00000000ead80000,0x00000000ead80000,0x00000000eae80000)
 ParOldGen       total 222208K, used 213008K [0x00000000c0000000, 0x00000000cd900000, 0x00000000eab00000)
  object space 222208K, 95% used [0x00000000c0000000,0x00000000cd0043b8,0x00000000cd900000)
 Metaspace       used 96590K, committed 97792K, reserved 1179648K
  class space    used 10290K, committed 10816K, reserved 1048576K
}
Event: 10833.667 GC heap before
{Heap before GC invocations=2886 (full 48):
 PSYoungGen      total 2048K, used 1940K [0x00000000eab00000, 0x00000000eae80000, 0x0000000100000000)
  eden space 1024K, 100% used [0x00000000eab00000,0x00000000eac00000,0x00000000eac00000)
  from space 1024K, 89% used [0x00000000eac00000,0x00000000eace5200,0x00000000ead00000)
  to   space 1024K, 0% used [0x00000000ead80000,0x00000000ead80000,0x00000000eae80000)
 ParOldGen       total 222208K, used 213008K [0x00000000c0000000, 0x00000000cd900000, 0x00000000eab00000)
  object space 222208K, 95% used [0x00000000c0000000,0x00000000cd0043b8,0x00000000cd900000)
 Metaspace       used 96590K, committed 97792K, reserved 1179648K
  class space    used 10290K, committed 10816K, reserved 1048576K
}
Event: 10833.673 GC heap after
{Heap after GC invocations=2886 (full 48):
 PSYoungGen      total 2048K, used 256K [0x00000000eab00000, 0x00000000eae00000, 0x0000000100000000)
  eden space 1536K, 0% used [0x00000000eab00000,0x00000000eab00000,0x00000000eac80000)
  from space 512K, 50% used [0x00000000ead80000,0x00000000eadc0000,0x00000000eae00000)
  to   space 512K, 0% used [0x00000000ead00000,0x00000000ead00000,0x00000000ead80000)
 ParOldGen       total 222208K, used 213757K [0x00000000c0000000, 0x00000000cd900000, 0x00000000eab00000)
  object space 222208K, 96% used [0x00000000c0000000,0x00000000cd0bf5b8,0x00000000cd900000)
 Metaspace       used 96590K, committed 97792K, reserved 1179648K
  class space    used 10290K, committed 10816K, reserved 1048576K
}
Event: 10833.704 GC heap before
{Heap before GC invocations=2887 (full 48):
 PSYoungGen      total 2048K, used 1792K [0x00000000eab00000, 0x00000000eae00000, 0x0000000100000000)
  eden space 1536K, 100% used [0x00000000eab00000,0x00000000eac80000,0x00000000eac80000)
  from space 512K, 50% used [0x00000000ead80000,0x00000000eadc0000,0x00000000eae00000)
  to   space 512K, 0% used [0x00000000ead00000,0x00000000ead00000,0x00000000ead80000)
 ParOldGen       total 222208K, used 213757K [0x00000000c0000000, 0x00000000cd900000, 0x00000000eab00000)
  object space 222208K, 96% used [0x00000000c0000000,0x00000000cd0bf5b8,0x00000000cd900000)
 Metaspace       used 96590K, committed 97792K, reserved 1179648K
  class space    used 10290K, committed 10816K, reserved 1048576K
}
Event: 10833.707 GC heap after
{Heap after GC invocations=2887 (full 48):
 PSYoungGen      total 2560K, used 499K [0x00000000eab00000, 0x00000000eb000000, 0x0000000100000000)
  eden space 2048K, 0% used [0x00000000eab00000,0x00000000eab00000,0x00000000ead00000)
  from space 512K, 97% used [0x00000000ead00000,0x00000000ead7ccb8,0x00000000ead80000)
  to   space 1536K, 0% used [0x00000000eae80000,0x00000000eae80000,0x00000000eb000000)
 ParOldGen       total 222208K, used 214501K [0x00000000c0000000, 0x00000000cd900000, 0x00000000eab00000)
  object space 222208K, 96% used [0x00000000c0000000,0x00000000cd1795b8,0x00000000cd900000)
 Metaspace       used 96590K, committed 97792K, reserved 1179648K
  class space    used 10290K, committed 10816K, reserved 1048576K
}
Event: 10833.716 GC heap before
{Heap before GC invocations=2888 (full 48):
 PSYoungGen      total 2560K, used 2547K [0x00000000eab00000, 0x00000000eb000000, 0x0000000100000000)
  eden space 2048K, 100% used [0x00000000eab00000,0x00000000ead00000,0x00000000ead00000)
  from space 512K, 97% used [0x00000000ead00000,0x00000000ead7ccb8,0x00000000ead80000)
  to   space 1536K, 0% used [0x00000000eae80000,0x00000000eae80000,0x00000000eb000000)
 ParOldGen       total 222208K, used 214501K [0x00000000c0000000, 0x00000000cd900000, 0x00000000eab00000)
  object space 222208K, 96% used [0x00000000c0000000,0x00000000cd1795b8,0x00000000cd900000)
 Metaspace       used 96590K, committed 97792K, reserved 1179648K
  class space    used 10290K, committed 10816K, reserved 1048576K
}
Event: 10833.720 GC heap after
{Heap after GC invocations=2888 (full 48):
 PSYoungGen      total 3584K, used 1056K [0x00000000eab00000, 0x00000000eb080000, 0x0000000100000000)
  eden space 2048K, 0% used [0x00000000eab00000,0x00000000eab00000,0x00000000ead00000)
  from space 1536K, 68% used [0x00000000eae80000,0x00000000eaf88000,0x00000000eb000000)
  to   space 1536K, 0% used [0x00000000ead00000,0x00000000ead00000,0x00000000eae80000)
 ParOldGen       total 222208K, used 215023K [0x00000000c0000000, 0x00000000cd900000, 0x00000000eab00000)
  object space 222208K, 96% used [0x00000000c0000000,0x00000000cd1fbd78,0x00000000cd900000)
 Metaspace       used 96590K, committed 97792K, reserved 1179648K
  class space    used 10290K, committed 10816K, reserved 1048576K
}
Event: 10833.733 GC heap before
{Heap before GC invocations=2889 (full 48):
 PSYoungGen      total 3584K, used 3104K [0x00000000eab00000, 0x00000000eb080000, 0x0000000100000000)
  eden space 2048K, 100% used [0x00000000eab00000,0x00000000ead00000,0x00000000ead00000)
  from space 1536K, 68% used [0x00000000eae80000,0x00000000eaf88000,0x00000000eb000000)
  to   space 1536K, 0% used [0x00000000ead00000,0x00000000ead00000,0x00000000eae80000)
 ParOldGen       total 222208K, used 215023K [0x00000000c0000000, 0x00000000cd900000, 0x00000000eab00000)
  object space 222208K, 96% used [0x00000000c0000000,0x00000000cd1fbd78,0x00000000cd900000)
 Metaspace       used 96590K, committed 97792K, reserved 1179648K
  class space    used 10290K, committed 10816K, reserved 1048576K
}
Event: 10833.739 GC heap after
{Heap after GC invocations=2889 (full 48):
 PSYoungGen      total 3584K, used 1536K [0x00000000eab00000, 0x00000000eb480000, 0x0000000100000000)
  eden space 2048K, 0% used [0x00000000eab00000,0x00000000eab00000,0x00000000ead00000)
  from space 1536K, 100% used [0x00000000ead00000,0x00000000eae80000,0x00000000eae80000)
  to   space 3584K, 0% used [0x00000000eb100000,0x00000000eb100000,0x00000000eb480000)
 ParOldGen       total 222208K, used 216447K [0x00000000c0000000, 0x00000000cd900000, 0x00000000eab00000)
  object space 222208K, 97% used [0x00000000c0000000,0x00000000cd35fd98,0x00000000cd900000)
 Metaspace       used 96590K, committed 97792K, reserved 1179648K
  class space    used 10290K, committed 10816K, reserved 1048576K
}
Event: 10833.750 GC heap before
{Heap before GC invocations=2890 (full 48):
 PSYoungGen      total 3584K, used 3043K [0x00000000eab00000, 0x00000000eb480000, 0x0000000100000000)
  eden space 2048K, 73% used [0x00000000eab00000,0x00000000eac78d90,0x00000000ead00000)
  from space 1536K, 100% used [0x00000000ead00000,0x00000000eae80000,0x00000000eae80000)
  to   space 3584K, 0% used [0x00000000eb100000,0x00000000eb100000,0x00000000eb480000)
 ParOldGen       total 222208K, used 216447K [0x00000000c0000000, 0x00000000cd900000, 0x00000000eab00000)
  object space 222208K, 97% used [0x00000000c0000000,0x00000000cd35fd98,0x00000000cd900000)
 Metaspace       used 96590K, committed 97792K, reserved 1179648K
  class space    used 10290K, committed 10816K, reserved 1048576K
}
Event: 10833.754 GC heap after
{Heap after GC invocations=2890 (full 48):
 PSYoungGen      total 3584K, used 543K [0x00000000eab00000, 0x00000000eb200000, 0x0000000100000000)
  eden space 2560K, 0% used [0x00000000eab00000,0x00000000eab00000,0x00000000ead80000)
  from space 1024K, 53% used [0x00000000eb100000,0x00000000eb187c78,0x00000000eb200000)
  to   space 1536K, 0% used [0x00000000eaf00000,0x00000000eaf00000,0x00000000eb080000)
 ParOldGen       total 222208K, used 218039K [0x00000000c0000000, 0x00000000cd900000, 0x00000000eab00000)
  object space 222208K, 98% used [0x00000000c0000000,0x00000000cd4edd98,0x00000000cd900000)
 Metaspace       used 96590K, committed 97792K, reserved 1179648K
  class space    used 10290K, committed 10816K, reserved 1048576K
}
Event: 10833.796 GC heap before
{Heap before GC invocations=2891 (full 48):
 PSYoungGen      total 3584K, used 3103K [0x00000000eab00000, 0x00000000eb200000, 0x0000000100000000)
  eden space 2560K, 99% used [0x00000000eab00000,0x00000000ead7ffe8,0x00000000ead80000)
  from space 1024K, 53% used [0x00000000eb100000,0x00000000eb187c78,0x00000000eb200000)
  to   space 1536K, 0% used [0x00000000eaf00000,0x00000000eaf00000,0x00000000eb080000)
 ParOldGen       total 222208K, used 218039K [0x00000000c0000000, 0x00000000cd900000, 0x00000000eab00000)
  object space 222208K, 98% used [0x00000000c0000000,0x00000000cd4edd98,0x00000000cd900000)
 Metaspace       used 96590K, committed 97792K, reserved 1179648K
  class space    used 10290K, committed 10816K, reserved 1048576K
}
Event: 10833.797 GC heap after
{Heap after GC invocations=2891 (full 48):
 PSYoungGen      total 4608K, used 1338K [0x00000000eab00000, 0x00000000eb180000, 0x0000000100000000)
  eden space 3072K, 0% used [0x00000000eab00000,0x00000000eab00000,0x00000000eae00000)
  from space 1536K, 87% used [0x00000000eaf00000,0x00000000eb04ea28,0x00000000eb080000)
  to   space 1024K, 0% used [0x00000000eb080000,0x00000000eb080000,0x00000000eb180000)
 ParOldGen       total 222208K, used 218462K [0x00000000c0000000, 0x00000000cd900000, 0x00000000eab00000)
  object space 222208K, 98% used [0x00000000c0000000,0x00000000cd557ae8,0x00000000cd900000)
 Metaspace       used 96590K, committed 97792K, reserved 1179648K
  class space    used 10290K, committed 10816K, reserved 1048576K
}
Event: 10833.805 GC heap before
{Heap before GC invocations=2892 (full 48):
 PSYoungGen      total 4608K, used 4410K [0x00000000eab00000, 0x00000000eb180000, 0x0000000100000000)
  eden space 3072K, 100% used [0x00000000eab00000,0x00000000eae00000,0x00000000eae00000)
  from space 1536K, 87% used [0x00000000eaf00000,0x00000000eb04ea28,0x00000000eb080000)
  to   space 1024K, 0% used [0x00000000eb080000,0x00000000eb080000,0x00000000eb180000)
 ParOldGen       total 222208K, used 218462K [0x00000000c0000000, 0x00000000cd900000, 0x00000000eab00000)
  object space 222208K, 98% used [0x00000000c0000000,0x00000000cd557ae8,0x00000000cd900000)
 Metaspace       used 96590K, committed 97792K, reserved 1179648K
  class space    used 10290K, committed 10816K, reserved 1048576K
}
Event: 10833.809 GC heap after
{Heap after GC invocations=2892 (full 48):
 PSYoungGen      total 2560K, used 1011K [0x00000000eab00000, 0x00000000eb700000, 0x0000000100000000)
  eden space 1536K, 0% used [0x00000000eab00000,0x00000000eab00000,0x00000000eac80000)
  from space 1024K, 98% used [0x00000000eb080000,0x00000000eb17cda8,0x00000000eb180000)
  to   space 4096K, 0% used [0x00000000eac80000,0x00000000eac80000,0x00000000eb080000)
 ParOldGen       total 222208K, used 220819K [0x00000000c0000000, 0x00000000cd900000, 0x00000000eab00000)
  object space 222208K, 99% used [0x00000000c0000000,0x00000000cd7a4d98,0x00000000cd900000)
 Metaspace       used 96590K, committed 97792K, reserved 1179648K
  class space    used 10290K, committed 10816K, reserved 1048576K
}
Event: 10833.809 GC heap before
{Heap before GC invocations=2893 (full 49):
 PSYoungGen      total 2560K, used 1011K [0x00000000eab00000, 0x00000000eb700000, 0x0000000100000000)
  eden space 1536K, 0% used [0x00000000eab00000,0x00000000eab00000,0x00000000eac80000)
  from space 1024K, 98% used [0x00000000eb080000,0x00000000eb17cda8,0x00000000eb180000)
  to   space 4096K, 0% used [0x00000000eac80000,0x00000000eac80000,0x00000000eb080000)
 ParOldGen       total 222208K, used 220819K [0x00000000c0000000, 0x00000000cd900000, 0x00000000eab00000)
  object space 222208K, 99% used [0x00000000c0000000,0x00000000cd7a4d98,0x00000000cd900000)
 Metaspace       used 96590K, committed 97792K, reserved 1179648K
  class space    used 10290K, committed 10816K, reserved 1048576K
}

